# JRE version: Java(TM) SE Runtime Environment 18.9 (11.0.19+9) (build 11.0.19+9-LTS-224)
# Java VM: Java HotSpot(TM) 64-Bit Server VM 18.9 (11.0.19+9-LTS-224, mixed mode, tiered, compressed oops, g1 gc, windows-amd64)
Heap:
 garbage-first heap   total 53248K, used 18889K [0x00000000cc200000, 0x0000000100000000)
  region size 1024K, 7 young (7168K), 1 survivors (1024K)
 Metaspace       used 21286K, capacity 21930K, committed 22144K, reserved 1069056K
  class space    used 2358K, capacity 2622K, committed 2688K, reserved 1048576K
GC Heap History (10 events):
Event: 3.189 GC heap before
{Heap before GC invocations=1 (full 0):
 garbage-first heap   total 53248K, used 8320K [0x00000000cc200000, 0x0000000100000000)
  region size 1024K, 5 young (5120K), 1 survivors (1024K)
 Metaspace       used 6873K, capacity 6963K, committed 7040K, reserved 1056768K
  class space    used 592K, capacity 638K, committed 640K, reserved 1048576K
}
Event: 3.191 GC heap after
{Heap after GC invocations=2 (full 0):
 garbage-first heap   total 53248K, used 8396K [0x00000000cc200000, 0x0000000100000000)
  region size 1024K, 1 young (1024K), 1 survivors (1024K)
 Metaspace       used 6873K, capacity 6963K, committed 7040K, reserved 1056768K
  class space    used 592K, capacity 638K, committed 640K, reserved 1048576K
}
Event: 3.986 GC heap before
{Heap before GC invocations=2 (full 0):
 garbage-first heap   total 53248K, used 17612K [0x00000000cc200000, 0x0000000100000000)
  region size 1024K, 11 young (11264K), 1 survivors (1024K)
 Metaspace       used 9590K, capacity 9762K, committed 9984K, reserved 1058816K
  class space    used 898K, capacity 957K, committed 1024K, reserved 1048576K
}
Event: 3.990 GC heap after
{Heap after GC invocations=3 (full 0):
 garbage-first heap   total 53248K, used 10594K [0x00000000cc200000, 0x0000000100000000)
  region size 1024K, 2 young (2048K), 2 survivors (2048K)
 Metaspace       used 9590K, capacity 9762K, committed 9984K, reserved 1058816K
  class space    used 898K, capacity 957K, committed 1024K, reserved 1048576K
}
Event: 5.021 GC heap before
{Heap before GC invocations=3 (full 0):
 garbage-first heap   total 53248K, used 31074K [0x00000000cc200000, 0x0000000100000000)
  region size 1024K, 22 young (22528K), 2 survivors (2048K)
 Metaspace       used 13360K, capacity 13641K, committed 13824K, reserved 1060864K
  class space    used 1352K, capacity 1449K, committed 1536K, reserved 1048576K
}
Event: 5.027 GC heap after
{Heap after GC invocations=4 (full 0):
 garbage-first heap   total 53248K, used 11401K [0x00000000cc200000, 0x0000000100000000)
  region size 1024K, 2 young (2048K), 2 survivors (2048K)
 Metaspace       used 13360K, capacity 13641K, committed 13824K, reserved 1060864K
  class space    used 1352K, capacity 1449K, committed 1536K, reserved 1048576K
}
Event: 28.200 GC heap before
{Heap before GC invocations=4 (full 0):
 garbage-first heap   total 53248K, used 31881K [0x00000000cc200000, 0x0000000100000000)
  region size 1024K, 22 young (22528K), 2 survivors (2048K)
 Metaspace       used 19128K, capacity 19669K, committed 19712K, reserved 1067008K
  class space    used 2039K, capacity 2262K, committed 2304K, reserved 1048576K
}
Event: 28.237 GC heap after
{Heap after GC invocations=5 (full 0):
 garbage-first heap   total 53248K, used 13394K [0x00000000cc200000, 0x0000000100000000)
  region size 1024K, 3 young (3072K), 3 survivors (3072K)
 Metaspace       used 19128K, capacity 19669K, committed 19712K, reserved 1067008K
  class space    used 2039K, capacity 2262K, committed 2304K, reserved 1048576K
}
Event: 30.005 GC heap before
{Heap before GC invocations=5 (full 0):
 garbage-first heap   total 53248K, used 18514K [0x00000000cc200000, 0x0000000100000000)
  region size 1024K, 9 young (9216K), 3 survivors (3072K)
 Metaspace       used 20512K, capacity 21085K, committed 21248K, reserved 1069056K
  class space    used 2222K, capacity 2440K, committed 2560K, reserved 1048576K
}
Event: 30.036 GC heap after
{Heap after GC invocations=6 (full 0):
 garbage-first heap   total 53248K, used 13769K [0x00000000cc200000, 0x0000000100000000)
  region size 1024K, 1 young (1024K), 1 survivors (1024K)
 Metaspace       used 20512K, capacity 21085K, committed 21248K, reserved 1069056K
  class space    used 2222K, capacity 2440K, committed 2560K, reserved 1048576K
}

