# JRE version: Java(TM) SE Runtime Environment 18.9 (11.0.19+9) (build 11.0.19+9-LTS-224)
# Java VM: Java HotSpot(TM) 64-Bit Server VM 18.9 (11.0.19+9-LTS-224, mixed mode, tiered, compressed oops, g1 gc, windows-amd64)
Heap:
 garbage-first heap   total 53248K, used 13673K [0x00000000cc200000, 0x0000000100000000)
  region size 1024K, 2 young (2048K), 1 survivors (1024K)
 Metaspace       used 20662K, capacity 21315K, committed 21552K, reserved 1069056K
  class space    used 2259K, capacity 2539K, committed 2560K, reserved 1048576K
GC Heap History (10 events):
Event: 2.334 GC heap before
{Heap before GC invocations=2 (full 0):
 garbage-first heap   total 53248K, used 15929K [0x00000000cc200000, 0x0000000100000000)
  region size 1024K, 10 young (10240K), 1 survivors (1024K)
 Metaspace       used 9562K, capacity 9732K, committed 9984K, reserved 1058816K
  class space    used 882K, capacity 943K, committed 1024K, reserved 1048576K
}
Event: 2.338 GC heap after
{Heap after GC invocations=3 (full 0):
 garbage-first heap   total 53248K, used 10552K [0x00000000cc200000, 0x0000000100000000)
  region size 1024K, 2 young (2048K), 2 survivors (2048K)
 Metaspace       used 9562K, capacity 9732K, committed 9984K, reserved 1058816K
  class space    used 882K, capacity 943K, committed 1024K, reserved 1048576K
}
Event: 2.790 GC heap before
{Heap before GC invocations=3 (full 0):
 garbage-first heap   total 53248K, used 22840K [0x00000000cc200000, 0x0000000100000000)
  region size 1024K, 14 young (14336K), 2 survivors (2048K)
 Metaspace       used 11028K, capacity 11167K, committed 11392K, reserved 1058816K
  class space    used 1061K, capacity 1127K, committed 1152K, reserved 1048576K
}
Event: 2.793 GC heap after
{Heap after GC invocations=4 (full 0):
 garbage-first heap   total 53248K, used 10830K [0x00000000cc200000, 0x0000000100000000)
  region size 1024K, 1 young (1024K), 1 survivors (1024K)
 Metaspace       used 11028K, capacity 11167K, committed 11392K, reserved 1058816K
  class space    used 1061K, capacity 1127K, committed 1152K, reserved 1048576K
}
Event: 4.019 GC heap before
{Heap before GC invocations=4 (full 0):
 garbage-first heap   total 53248K, used 25166K [0x00000000cc200000, 0x0000000100000000)
  region size 1024K, 15 young (15360K), 1 survivors (1024K)
 Metaspace       used 14645K, capacity 14940K, committed 14976K, reserved 1062912K
  class space    used 1510K, capacity 1634K, committed 1664K, reserved 1048576K
}
Event: 4.021 GC heap after
{Heap after GC invocations=5 (full 0):
 garbage-first heap   total 53248K, used 11528K [0x00000000cc200000, 0x0000000100000000)
  region size 1024K, 2 young (2048K), 2 survivors (2048K)
 Metaspace       used 14645K, capacity 14940K, committed 14976K, reserved 1062912K
  class space    used 1510K, capacity 1634K, committed 1664K, reserved 1048576K
}
Event: 8.575 GC heap before
{Heap before GC invocations=5 (full 0):
 garbage-first heap   total 53248K, used 27912K [0x00000000cc200000, 0x0000000100000000)
  region size 1024K, 18 young (18432K), 2 survivors (2048K)
 Metaspace       used 19772K, capacity 20322K, committed 20608K, reserved 1067008K
  class space    used 2111K, capacity 2331K, committed 2432K, reserved 1048576K
}
Event: 8.584 GC heap after
{Heap after GC invocations=6 (full 0):
 garbage-first heap   total 53248K, used 13310K [0x00000000cc200000, 0x0000000100000000)
  region size 1024K, 3 young (3072K), 3 survivors (3072K)
 Metaspace       used 19772K, capacity 20322K, committed 20608K, reserved 1067008K
  class space    used 2111K, capacity 2331K, committed 2432K, reserved 1048576K
}
Event: 9.035 GC heap before
{Heap before GC invocations=6 (full 0):
 garbage-first heap   total 53248K, used 18430K [0x00000000cc200000, 0x0000000100000000)
  region size 1024K, 9 young (9216K), 3 survivors (3072K)
 Metaspace       used 20601K, capacity 21222K, committed 21296K, reserved 1069056K
  class space    used 2240K, capacity 2529K, committed 2560K, reserved 1048576K
}
Event: 9.041 GC heap after
{Heap after GC invocations=7 (full 0):
 garbage-first heap   total 53248K, used 13673K [0x00000000cc200000, 0x0000000100000000)
  region size 1024K, 1 young (1024K), 1 survivors (1024K)
 Metaspace       used 20601K, capacity 21222K, committed 21296K, reserved 1069056K
  class space    used 2240K, capacity 2529K, committed 2560K, reserved 1048576K
}

